{"timestamp":"2026-03-25T09:54:24.194Z","userId":"user_001","action":"MFA_STEP1_OK","details":{"nextStep":2},"ip":"::1"}
{"timestamp":"2026-03-25T09:54:43.523Z","userId":"user_001","action":"MFA_STEP1_OK","details":{"nextStep":2},"ip":"::1"}
{"timestamp":"2026-03-25T09:54:45.082Z","userId":"user_001","action":"MFA_STEP2_FAIL","details":{},"ip":"::1"}
{"timestamp":"2026-03-25T09:55:05.525Z","userId":"user_001","action":"MFA_STEP1_OK","details":{"nextStep":2},"ip":"::1"}
{"timestamp":"2026-03-25T09:55:17.514Z","userId":"user_001","action":"MFA_STEP2_OK","details":{"nextStep":3},"ip":"::1"}
{"timestamp":"2026-03-25T09:55:46.714Z","userId":"user_001","action":"LOGIN_SUCCESS","details":{"mfaCompleted":true},"ip":"::1"}
{"timestamp":"2026-03-25T09:55:46.754Z","userId":"user_001","action":"PAGE_ACCUEIL","details":{},"ip":"::1"}
{"timestamp":"2026-03-25T09:55:46.783Z","userId":"user_001","action":"VIEW_LOGS","details":{"count":23},"ip":"::1"}
{"timestamp":"2026-03-25T09:56:17.268Z","userId":"user_001","action":"LOGOUT","details":{},"ip":"::1"}
{"timestamp":"2026-03-25T10:11:44.156Z","userId":"user_001","action":"MFA_STEP1_OK","details":{"nextStep":2},"ip":"::1"}
{"timestamp":"2026-03-25T10:11:56.862Z","userId":"user_001","action":"MFA_STEP2_OK","details":{"nextStep":3},"ip":"::1"}
{"timestamp":"2026-03-25T10:12:19.453Z","userId":"user_001","action":"LOGIN_SUCCESS","details":{"mfaCompleted":true},"ip":"::1"}
{"timestamp":"2026-03-25T10:12:19.481Z","userId":"user_001","action":"PAGE_ACCUEIL","details":{},"ip":"::1"}
{"timestamp":"2026-03-25T10:12:19.510Z","userId":"user_001","action":"VIEW_LOGS","details":{"count":29},"ip":"::1"}
{"timestamp":"2026-03-25T10:12:28.195Z","userId":"user_001","action":"ACTION_ACCUEIL","details":{"actionType":"simple","payload":{"from":"UI"}},"ip":"::1"}
{"timestamp":"2026-03-25T10:12:28.204Z","userId":"user_001","action":"VIEW_LOGS","details":{"count":31},"ip":"::1"}
{"timestamp":"2026-03-25T10:12:30.604Z","userId":"user_001","action":"ACTION_ACCUEIL","details":{"actionType":"simple","payload":{"from":"UI"}},"ip":"::1"}
{"timestamp":"2026-03-25T10:12:30.613Z","userId":"user_001","action":"VIEW_LOGS","details":{"count":33},"ip":"::1"}
{"timestamp":"2026-03-25T10:12:31.941Z","userId":"user_001","action":"ACTION_ACCUEIL","details":{"actionType":"rapport","payload":{"from":"UI"}},"ip":"::1"}
{"timestamp":"2026-03-25T10:12:31.954Z","userId":"user_001","action":"VIEW_LOGS","details":{"count":35},"ip":"::1"}
{"timestamp":"2026-03-25T10:12:33.562Z","userId":"user_001","action":"ACTION_ACCUEIL","details":{"actionType":"custom","payload":{"from":"UI"}},"ip":"::1"}
{"timestamp":"2026-03-25T10:12:33.566Z","userId":"user_001","action":"VIEW_LOGS","details":{"count":37},"ip":"::1"}
{"timestamp":"2026-03-25T10:12:36.428Z","userId":"user_001","action":"VIEW_LOGS","details":{"count":38},"ip":"::1"}
{"timestamp":"2026-03-25T10:13:00.675Z","userId":"user_001","action":"LOGOUT","details":{},"ip":"::1"}
{"timestamp":"2026-03-25T10:35:06.412Z","userId":"user_001","action":"MFA_STEP1_OK","details":{"nextStep":2},"ip":"::1"}
{"timestamp":"2026-03-25T10:35:26.734Z","userId":"user_001","action":"MFA_STEP2_OK","details":{"nextStep":3},"ip":"::1"}
{"timestamp":"2026-03-25T10:35:44.940Z","userId":"user_001","action":"LOGIN_SUCCESS","details":{"mfaCompleted":true},"ip":"::1"}
{"timestamp":"2026-03-25T10:35:44.971Z","userId":"user_001","action":"PAGE_ACCUEIL","details":{},"ip":"::1"}
{"timestamp":"2026-03-25T10:35:44.993Z","userId":"user_001","action":"VIEW_LOGS","details":{"count":44},"ip":"::1"}
{"timestamp":"2026-03-25T10:35:58.958Z","userId":"user_001","action":"PAGE_BLOG","details":{},"ip":"::1"}
{"timestamp":"2026-03-25T10:36:05.118Z","userId":"user_001","action":"PAGE_ACCUEIL","details":{},"ip":"::1"}
{"timestamp":"2026-03-25T10:36:05.136Z","userId":"user_001","action":"VIEW_LOGS","details":{"count":47},"ip":"::1"}
{"timestamp":"2026-03-25T10:36:14.941Z","userId":"user_001","action":"LOGOUT","details":{},"ip":"::1"}
{"timestamp":"2026-03-25T10:45:27.016Z","userId":"user_001","action":"MFA_STEP1_OK","details":{"nextStep":2},"ip":"::1"}
{"timestamp":"2026-03-25T10:45:46.460Z","userId":"user_001","action":"MFA_STEP2_OK","details":{"nextStep":3},"ip":"::1"}
{"timestamp":"2026-03-25T10:46:07.318Z","userId":"user_001","action":"LOGIN_SUCCESS","details":{"mfaCompleted":true},"ip":"::1"}
{"timestamp":"2026-03-25T10:46:07.345Z","userId":"user_001","action":"PAGE_ACCUEIL","details":{},"ip":"::1"}
{"timestamp":"2026-03-25T10:46:07.365Z","userId":"user_001","action":"VIEW_LOGS","details":{"count":53},"ip":"::1"}
{"timestamp":"2026-03-25T10:46:17.096Z","userId":"user_001","action":"PAGE_BLOG","details":{},"ip":"::1"}
{"timestamp":"2026-03-25T10:52:23.637Z","userId":"user_001","action":"PAGE_BLOG","details":{},"ip":"::1"}
{"timestamp":"2026-03-25T10:52:30.727Z","userId":"user_001","action":"PAGE_ACCUEIL","details":{},"ip":"::1"}
{"timestamp":"2026-03-25T10:52:30.751Z","userId":"user_001","action":"VIEW_LOGS","details":{"count":57},"ip":"::1"}
{"timestamp":"2026-03-25T10:52:53.291Z","userId":"user_001","action":"ACTION_ACCUEIL","details":{"actionType":"custom","payload":{"from":"UI"}},"ip":"::1"}
{"timestamp":"2026-03-25T10:52:53.295Z","userId":"user_001","action":"VIEW_LOGS","details":{"count":59},"ip":"::1"}
{"timestamp":"2026-03-25T10:52:54.598Z","userId":"user_001","action":"ACTION_ACCUEIL","details":{"actionType":"custom","payload":{"from":"UI"}},"ip":"::1"}
{"timestamp":"2026-03-25T10:52:54.609Z","userId":"user_001","action":"VIEW_LOGS","details":{"count":61},"ip":"::1"}
{"timestamp":"2026-03-25T10:53:22.170Z","userId":"user_001","action":"PAGE_BLOG","details":{},"ip":"::1"}
{"timestamp":"2026-03-25T10:53:26.133Z","userId":"user_001","action":"PAGE_ACCUEIL","details":{},"ip":"::1"}
{"timestamp":"2026-03-25T10:53:26.156Z","userId":"user_001","action":"VIEW_LOGS","details":{"count":64},"ip":"::1"}
{"timestamp":"2026-03-25T10:57:57.775Z","userId":"user_001","action":"PAGE_ACCUEIL","details":{},"ip":"::1"}
{"timestamp":"2026-03-25T10:57:57.799Z","userId":"user_001","action":"VIEW_LOGS","details":{"count":50},"ip":"::1"}
{"timestamp":"2026-03-25T10:58:21.750Z","userId":"user_001","action":"PAGE_BLOG","details":{},"ip":"::1"}
{"timestamp":"2026-03-25T10:58:25.326Z","userId":"user_001","action":"PAGE_ACCUEIL","details":{},"ip":"::1"}
{"timestamp":"2026-03-25T10:58:25.357Z","userId":"user_001","action":"VIEW_LOGS","details":{"count":53},"ip":"::1"}
{"timestamp":"2026-03-25T10:58:43.945Z","userId":"user_001","action":"VIEW_LOGS","details":{"count":54},"ip":"::1"}
{"timestamp":"2026-03-25T10:58:48.308Z","userId":"user_001","action":"LOGOUT","details":{},"ip":"::1"}
{"timestamp":"2026-03-25T11:02:11.688Z","userId":"user_001","action":"MFA_STEP1_OK","details":{"nextStep":2},"ip":"::1"}
{"timestamp":"2026-03-25T11:02:23.902Z","userId":"user_001","action":"MFA_STEP2_OK","details":{"nextStep":3},"ip":"::1"}
{"timestamp":"2026-03-25T11:02:46.623Z","userId":"user_001","action":"LOGIN_SUCCESS","details":{"mfaCompleted":true},"ip":"::1"}
{"timestamp":"2026-03-25T11:02:46.659Z","userId":"user_001","action":"PAGE_ACCUEIL","details":{},"ip":"::1"}
{"timestamp":"2026-03-25T11:02:50.240Z","userId":"user_001","action":"PAGE_LOGS","details":{},"ip":"::1"}
{"timestamp":"2026-03-25T11:02:50.260Z","userId":"user_001","action":"VIEW_LOGS","details":{"count":61},"ip":"::1"}
{"timestamp":"2026-03-25T11:08:03.587Z","userId":"user_001","action":"PAGE_ACCUEIL","details":{},"ip":"::1"}
{"timestamp":"2026-03-25T11:08:07.075Z","userId":"user_001","action":"PAGE_BLOG","details":{},"ip":"::1"}
{"timestamp":"2026-03-25T11:08:10.384Z","userId":"user_001","action":"PAGE_ACCUEIL","details":{},"ip":"::1"}
{"timestamp":"2026-03-25T11:08:12.646Z","userId":"user_001","action":"PAGE_LOGS","details":{},"ip":"::1"}
{"timestamp":"2026-03-25T11:08:12.668Z","userId":"user_001","action":"VIEW_LOGS","details":{"count":66},"ip":"::1"}
{"timestamp":"2026-03-25T11:08:23.537Z","userId":"user_001","action":"PAGE_ACCUEIL","details":{},"ip":"::1"}
{"timestamp":"2026-03-25T11:08:29.946Z","userId":"user_001","action":"LOGOUT","details":{},"ip":"::1"}
{"timestamp":"2026-03-25T11:26:18.120Z","userId":"user_001","action":"MFA_STEP1_OK","details":{"nextStep":2},"ip":"::1"}
{"timestamp":"2026-03-25T11:26:33.598Z","userId":"user_001","action":"MFA_STEP2_OK","details":{"nextStep":3},"ip":"::1"}
{"timestamp":"2026-03-25T11:26:55.141Z","userId":"user_001","action":"LOGIN_SUCCESS","details":{"mfaCompleted":true},"ip":"::1"}
{"timestamp":"2026-03-25T11:26:55.202Z","userId":"user_001","action":"PAGE_ACCUEIL","details":{},"ip":"::1"}
{"timestamp":"2026-03-25T11:27:05.564Z","userId":"user_001","action":"PAGE_BLOG","details":{},"ip":"::1"}
{"timestamp":"2026-03-25T11:27:10.300Z","userId":"user_001","action":"PAGE_ACCUEIL","details":{},"ip":"::1"}
{"timestamp":"2026-03-25T11:27:12.950Z","userId":"user_001","action":"PAGE_LOGS","details":{},"ip":"::1"}
{"timestamp":"2026-03-25T11:27:12.981Z","userId":"user_001","action":"VIEW_LOGS","details":{"count":76},"ip":"::1"}
{"timestamp":"2026-03-25T11:27:47.466Z","userId":"user_001","action":"PAGE_ACCUEIL","details":{},"ip":"::1"}
{"timestamp":"2026-03-25T11:27:58.445Z","userId":"user_001","action":"LOGOUT","details":{},"ip":"::1"}
{"timestamp":"2026-03-27T11:18:29.515Z","userId":"user_001","action":"MFA_STEP1_OK","details":{"nextStep":2},"ip":"::1"}
{"timestamp":"2026-03-27T11:18:46.888Z","userId":"user_001","action":"MFA_STEP2_OK","details":{"nextStep":3},"ip":"::1"}
